2025-10-23 11:57:48,362 - INFO -
gmin                0.01
gmax                10.0
T                   0.1
m                   0.3
ACT_R1n             12.7865
ACT_R2n             -3.1871
ACT_W1n             -10.4537
ACT_L1n             10.546
ACT_W2n             -5.8496
ACT_L2n             4.2337
NEG_R1n             2.5041
NEG_k1              -1.1751
NEG_R3n             -6.4452
NEG_k2              1.5129
NEG_R5n             -3.488
NEG_Wn              -1.8311
NEG_Ln              4.0129
task                temporized
DATASET             0
DataPath            ./dataset
InputNoise          0.0
IN_test             0.0
R_train             1
R_test              1
N_time              100
pathnorm            False
hidden              [3]
SEED                0
DEVICE              cpu
PATIENCE            75
EPOCH               1000
LR                  0.1
PROGRESSIVE         True
LR_PATIENCE         20
LR_DECAY            0.5
LR_MIN              0.005
loss                celoss
metric              temporal_acc
SoftEva             False
TIMELIMITATION      45
MODE                nominal
M_train             1
K_train             1
M_test              1
K_test              1
t_test_max          1
integration         MC
N_train             1
e_train             0.0
N_test              1
e_test              0.0
powerestimator      power
powerbalance        0.0
estimatorbalance    0.0
pgmin               1e-07
lnc                 False
ilnc                False
projectname         pLSNN
temppath            ./pLSNN/temp/
logfilepath         ./pLSNN/log/
report_freq         10
recording           False
recordpath          ./pLSNN/record/
savepath            ./pLSNN/models/
loglevel            info


2025-10-23 11:57:48,362 - INFO -
Training network on device: cpu.

2025-10-23 11:57:48,362 - INFO -
Training setup: model_pSNN_data_acuteinflammation_seed_00.model.

2025-10-23 11:57:48,362 - INFO -
{'dataname': 'acuteinflammation', 'N_feature': 6, 'N_class': 2, 'N_train': 70, 'N_valid': 23, 'N_test': 25, 'N_time': 100}

2025-10-23 11:57:50,132 - INFO -
Topology of the network: [6, 3, 2].

2025-10-23 11:57:52,301 - INFO -
| Epoch:      0 | Train loss: 6.9506e-01 | Valid loss: 7.6336e-01 | Train acc: 0.4571 | Valid acc: 0.3913 | Patience:   0 | LR: 1.00e-01 | Epoch time: 2.2s | Power: 7.86e-06 |

2025-10-23 11:58:14,772 - INFO -
| Epoch:     10 | Train loss: 6.6566e-01 | Valid loss: 6.7870e-01 | Train acc: 0.4714 | Valid acc: 0.3913 | Patience:   0 | LR: 1.00e-01 | Epoch time: 2.3s | Power: 1.66e-04 |

2025-10-23 11:58:37,144 - INFO -
| Epoch:     20 | Train loss: 6.5211e-01 | Valid loss: 6.7650e-01 | Train acc: 0.7429 | Valid acc: 0.6522 | Patience:   1 | LR: 1.00e-01 | Epoch time: 2.2s | Power: 1.23e-05 |

2025-10-23 11:58:59,787 - INFO -
| Epoch:     30 | Train loss: 6.1380e-01 | Valid loss: 6.0801e-01 | Train acc: 0.7714 | Valid acc: 0.7826 | Patience:   3 | LR: 1.00e-01 | Epoch time: 2.4s | Power: 1.45e-05 |

2025-10-23 11:59:23,463 - INFO -
| Epoch:     40 | Train loss: 6.0663e-01 | Valid loss: 6.0217e-01 | Train acc: 0.7714 | Valid acc: 0.7826 | Patience:   0 | LR: 1.00e-01 | Epoch time: 2.4s | Power: 3.58e-05 |

2025-10-23 11:59:48,302 - INFO -
| Epoch:     50 | Train loss: 6.2296e-01 | Valid loss: 6.6293e-01 | Train acc: 0.8286 | Valid acc: 0.4783 | Patience:   2 | LR: 1.00e-01 | Epoch time: 2.5s | Power: 1.56e-04 |

2025-10-23 12:00:12,939 - INFO -
| Epoch:     60 | Train loss: 5.8917e-01 | Valid loss: 5.8252e-01 | Train acc: 0.8857 | Valid acc: 0.8696 | Patience:  12 | LR: 1.00e-01 | Epoch time: 2.5s | Power: 1.73e-05 |

2025-10-23 12:00:34,947 - INFO -
Loaded best network to warm start training with lower LR.

2025-10-23 12:00:34,947 - INFO -
LR updated to 0.05.

2025-10-23 12:00:37,468 - INFO -
| Epoch:     70 | Train loss: 5.4344e-01 | Valid loss: 5.4146e-01 | Train acc: 1.0000 | Valid acc: 0.9130 | Patience:   1 | LR: 5.00e-02 | Epoch time: 2.5s | Power: 2.90e-05 |

2025-10-23 12:01:02,146 - INFO -
| Epoch:     80 | Train loss: 5.1109e-01 | Valid loss: 5.0793e-01 | Train acc: 1.0000 | Valid acc: 1.0000 | Patience:   3 | LR: 5.00e-02 | Epoch time: 2.5s | Power: 4.83e-05 |

2025-10-23 12:01:26,830 - INFO -
| Epoch:     90 | Train loss: 5.0754e-01 | Valid loss: 5.0477e-01 | Train acc: 1.0000 | Valid acc: 1.0000 | Patience:   0 | LR: 5.00e-02 | Epoch time: 2.5s | Power: 1.16e-04 |

2025-10-23 12:01:51,067 - INFO -
| Epoch:    100 | Train loss: 5.1709e-01 | Valid loss: 5.1387e-01 | Train acc: 1.0000 | Valid acc: 1.0000 | Patience:  10 | LR: 5.00e-02 | Epoch time: 2.3s | Power: 1.10e-04 |

